<?xml version="1.0" encoding="UTF-8"?>
<!-- Generated by org.testng.reporters.JUnitXMLReporter -->
<testsuite ignored="9" hostname="DESKTOP-8QRD8C9" failures="0" tests="2" name="Test" time="47.01" errors="0" timestamp="2024-11-22T21:12:56 IST">
  <testcase classname="TestCases.AmazonTestCases" name="tc08" time="3.628"/>
  <testcase classname="TestCases.AmazonTestCases" name="tc07" time="29.376"/>
  <testcase classname="TestCases.AmazonTestCases" name="tc10" time="0.0">
    <ignored/>
  </testcase> <!-- tc10 -->
  <testcase classname="TestCases.AmazonTestCases" name="tc11" time="0.0">
    <ignored/>
  </testcase> <!-- tc11 -->
  <testcase classname="TestCases.AmazonTestCases" name="tc01" time="0.0">
    <ignored/>
  </testcase> <!-- tc01 -->
  <testcase classname="TestCases.AmazonTestCases" name="tc12" time="0.0">
    <ignored/>
  </testcase> <!-- tc12 -->
  <testcase classname="TestCases.AmazonTestCases" name="tc02" time="0.0">
    <ignored/>
  </testcase> <!-- tc02 -->
  <testcase classname="TestCases.AmazonTestCases" name="tc03" time="0.0">
    <ignored/>
  </testcase> <!-- tc03 -->
  <testcase classname="TestCases.AmazonTestCases" name="tc04" time="0.0">
    <ignored/>
  </testcase> <!-- tc04 -->
  <testcase classname="TestCases.AmazonTestCases" name="tc05" time="0.0">
    <ignored/>
  </testcase> <!-- tc05 -->
  <testcase classname="TestCases.AmazonTestCases" name="tc06" time="0.0">
    <ignored/>
  </testcase> <!-- tc06 -->
</testsuite> <!-- Test -->
