<?xml version="1.0" encoding="UTF-8"?>
<testng-results ignored="0" total="1" passed="1" failed="0" skipped="0">
  <reporter-output>
  </reporter-output>
  <suite started-at="2024-11-27T10:48:54 IST" name="Suite" finished-at="2024-11-27T10:49:12 IST" duration-ms="17941">
    <groups>
    </groups>
    <test started-at="2024-11-27T10:48:54 IST" name="Test" finished-at="2024-11-27T10:49:12 IST" duration-ms="17941">
      <class name="SingaporeAirlines.TestCases">
        <test-method is-config="true" signature="initialization(java.lang.String)[pri:0, instance:SingaporeAirlines.TestCases@7ef82753]" started-at="2024-11-27T10:48:54 IST" name="initialization" finished-at="2024-11-27T10:49:08 IST" duration-ms="13997" status="PASS">
          <params>
            <param index="0">
              <value>
                <![CDATA[chrome]]>
              </value>
            </param>
          </params>
          <reporter-output>
          </reporter-output>
        </test-method> <!-- initialization -->
        <test-method signature="searchFlights()[pri:0, instance:SingaporeAirlines.TestCases@7ef82753]" started-at="2024-11-27T10:49:08 IST" name="searchFlights" finished-at="2024-11-27T10:49:12 IST" duration-ms="3829" status="PASS">
          <reporter-output>
          </reporter-output>
        </test-method> <!-- searchFlights -->
      </class> <!-- SingaporeAirlines.TestCases -->
    </test> <!-- Test -->
  </suite> <!-- Suite -->
</testng-results>
